<?xml version="1.0" encoding="UTF-8"?>
<testng-results ignored="0" total="1" passed="1" failed="0" skipped="0">
  <reporter-output>
  </reporter-output>
  <suite started-at="2021-12-06T21:17:08 IST" name="Default suite" finished-at="2021-12-06T21:17:09 IST" duration-ms="1590">
    <groups>
    </groups>
    <test started-at="2021-12-06T21:17:08 IST" name="Default test" finished-at="2021-12-06T21:17:09 IST" duration-ms="1590">
      <class name="operations.Post_Rqst">
        <test-method signature="test2()[pri:0, instance:operations.Post_Rqst@6236eb5f]" started-at="2021-12-06T21:17:08 IST" name="test2" finished-at="2021-12-06T21:17:09 IST" duration-ms="1556" status="PASS">
          <reporter-output>
          </reporter-output>
        </test-method> <!-- test2 -->
      </class> <!-- operations.Post_Rqst -->
    </test> <!-- Default test -->
  </suite> <!-- Default suite -->
</testng-results>
