<?xml version="1.0" encoding="UTF-8"?>
<testng-results ignored="0" total="2" passed="2" failed="0" skipped="0">
  <reporter-output>
  </reporter-output>
  <suite started-at="2021-12-13T06:35:14Z" name="Suite" finished-at="2021-12-13T06:35:14Z" duration-ms="33">
    <groups>
    </groups>
    <test started-at="2021-12-13T06:35:14Z" name="Test" finished-at="2021-12-13T06:35:14Z" duration-ms="33">
      <class name="testrunner.Sample">
        <test-method signature="firsttest()[pri:0, instance:testrunner.Sample@518caac3]" started-at="2021-12-13T06:35:14Z" name="firsttest" finished-at="2021-12-13T06:35:14Z" duration-ms="9" status="PASS">
          <reporter-output>
          </reporter-output>
        </test-method> <!-- firsttest -->
        <test-method signature="secondtest()[pri:0, instance:testrunner.Sample@518caac3]" started-at="2021-12-13T06:35:14Z" name="secondtest" finished-at="2021-12-13T06:35:14Z" duration-ms="0" status="PASS">
          <reporter-output>
          </reporter-output>
        </test-method> <!-- secondtest -->
      </class> <!-- testrunner.Sample -->
    </test> <!-- Test -->
  </suite> <!-- Suite -->
</testng-results>
