<?xml version="1.0" encoding="UTF-8"?>
<testng-results ignored="0" total="1" passed="1" failed="0" skipped="0">
  <reporter-output>
  </reporter-output>
  <suite started-at="2021-12-08T07:46:38Z" name="Suite" finished-at="2021-12-08T07:47:23Z" duration-ms="45035">
    <groups>
      <group name="cucumber">
        <method signature="AbstractTestNGCucumberTests.runScenario(io.cucumber.testng.PickleWrapper, io.cucumber.testng.FeatureWrapper)[pri:0, instance:testng.Testrunner@389b0789]" name="runScenario" class="io.cucumber.testng.AbstractTestNGCucumberTests"/>
      </group> <!-- cucumber -->
    </groups>
    <test started-at="2021-12-08T07:46:38Z" name="Test" finished-at="2021-12-08T07:47:23Z" duration-ms="45035">
      <class name="testng.Testrunner">
        <test-method is-config="true" signature="setUpClass()[pri:0, instance:testng.Testrunner@389b0789]" started-at="2021-12-08T13:16:38Z" name="setUpClass" finished-at="2021-12-08T13:16:39Z" duration-ms="499" status="PASS">
          <reporter-output>
          </reporter-output>
        </test-method> <!-- setUpClass -->
        <test-method signature="runScenario(io.cucumber.testng.PickleWrapper, io.cucumber.testng.FeatureWrapper)[pri:0, instance:testng.Testrunner@389b0789]" started-at="2021-12-08T13:16:39Z" name="runScenario" description="Runs Cucumber Scenarios" data-provider="scenarios" finished-at="2021-12-08T13:17:22Z" duration-ms="43004" status="PASS">
          <params>
            <param index="0">
              <value>
                <![CDATA["Testing the module deals of the week"]]>
              </value>
            </param>
            <param index="1">
              <value>
                <![CDATA["Optional[Testing a module of urban ladder website]"]]>
              </value>
            </param>
          </params>
          <reporter-output>
          </reporter-output>
        </test-method> <!-- runScenario -->
        <test-method is-config="true" signature="tearDownClass()[pri:0, instance:testng.Testrunner@389b0789]" started-at="2021-12-08T13:17:22Z" name="tearDownClass" finished-at="2021-12-08T13:17:23Z" duration-ms="1515" status="PASS">
          <reporter-output>
          </reporter-output>
        </test-method> <!-- tearDownClass -->
      </class> <!-- testng.Testrunner -->
    </test> <!-- Test -->
  </suite> <!-- Suite -->
</testng-results>
