<?xml version="1.0" encoding="UTF-8"?>
<!-- Generated by org.testng.reporters.JUnitXMLReporter -->
<testsuite ignored="0" hostname="LAPTOP-BHNQPE11" failures="0" tests="10" name="Default test" time="59.656" errors="0" timestamp="2021-11-02T08:32:47 IST">
  <testcase classname="NewTest1" name="a" time="0.067"/>
  <testcase classname="NewTest1" name="f" time="1.756"/>
  <testcase classname="NewTest1" name="f1" time="9.584"/>
  <testcase classname="NewTest1" name="f2" time="20.953"/>
  <testcase classname="NewTest1" name="f3" time="2.392"/>
  <testcase classname="NewTest1" name="f4" time="0.072"/>
  <testcase classname="NewTest1" name="f5" time="0.068"/>
  <testcase classname="NewTest1" name="f6" time="0.978"/>
  <testcase classname="NewTest1" name="f7" time="3.075"/>
  <testcase classname="NewTest1" name="m" time="13.508"/>
</testsuite> <!-- Default test -->
