<?xml version="1.0" encoding="UTF-8"?>
<testng-results ignored="0" total="2" passed="2" failed="0" skipped="0">
  <reporter-output>
  </reporter-output>
  <suite started-at="2021-12-13T06:34:44Z" name="Default suite" finished-at="2021-12-13T06:34:44Z" duration-ms="41">
    <groups>
    </groups>
    <test started-at="2021-12-13T06:34:44Z" name="Default test" finished-at="2021-12-13T06:34:44Z" duration-ms="41">
      <class name="testrunner.Sample">
        <test-method signature="firsttest()[pri:0, instance:testrunner.Sample@42530531]" started-at="2021-12-13T06:34:44Z" name="firsttest" finished-at="2021-12-13T06:34:44Z" duration-ms="11" status="PASS">
          <reporter-output>
          </reporter-output>
        </test-method> <!-- firsttest -->
        <test-method signature="secondtest()[pri:0, instance:testrunner.Sample@42530531]" started-at="2021-12-13T06:34:44Z" name="secondtest" finished-at="2021-12-13T06:34:44Z" duration-ms="2" status="PASS">
          <reporter-output>
          </reporter-output>
        </test-method> <!-- secondtest -->
      </class> <!-- testrunner.Sample -->
    </test> <!-- Default test -->
  </suite> <!-- Default suite -->
</testng-results>
