<?xml version="1.0" encoding="UTF-8"?>
<testng-results ignored="0" total="10" passed="10" failed="0" skipped="0">
  <reporter-output>
  </reporter-output>
  <suite started-at="2021-11-02T08:31:47 IST" name="Default suite" finished-at="2021-11-02T08:32:47 IST" duration-ms="59656">
    <groups>
    </groups>
    <test started-at="2021-11-02T08:31:47 IST" name="Default test" finished-at="2021-11-02T08:32:47 IST" duration-ms="59656">
      <class name="NewTest1">
        <test-method is-config="true" signature="beforeTest()[pri:0, instance:NewTest1@4b0d79fc]" started-at="2021-11-02T08:31:47 IST" name="beforeTest" finished-at="2021-11-02T08:31:54 IST" duration-ms="7018" status="PASS">
          <reporter-output>
          </reporter-output>
        </test-method> <!-- beforeTest -->
        <test-method signature="a()[pri:0, instance:NewTest1@4b0d79fc]" started-at="2021-11-02T08:31:54 IST" name="a" finished-at="2021-11-02T08:31:54 IST" duration-ms="67" status="PASS">
          <reporter-output>
          </reporter-output>
        </test-method> <!-- a -->
        <test-method signature="f()[pri:0, instance:NewTest1@4b0d79fc]" started-at="2021-11-02T08:31:54 IST" name="f" finished-at="2021-11-02T08:31:56 IST" duration-ms="1756" status="PASS">
          <reporter-output>
          </reporter-output>
        </test-method> <!-- f -->
        <test-method signature="f1()[pri:0, instance:NewTest1@4b0d79fc]" started-at="2021-11-02T08:31:56 IST" name="f1" finished-at="2021-11-02T08:32:06 IST" duration-ms="9584" status="PASS">
          <reporter-output>
          </reporter-output>
        </test-method> <!-- f1 -->
        <test-method signature="f2()[pri:0, instance:NewTest1@4b0d79fc]" started-at="2021-11-02T08:32:06 IST" name="f2" finished-at="2021-11-02T08:32:27 IST" duration-ms="20953" status="PASS">
          <reporter-output>
          </reporter-output>
        </test-method> <!-- f2 -->
        <test-method signature="f3()[pri:0, instance:NewTest1@4b0d79fc]" started-at="2021-11-02T08:32:27 IST" name="f3" finished-at="2021-11-02T08:32:29 IST" duration-ms="2392" status="PASS">
          <reporter-output>
          </reporter-output>
        </test-method> <!-- f3 -->
        <test-method signature="f4()[pri:0, instance:NewTest1@4b0d79fc]" started-at="2021-11-02T08:32:29 IST" name="f4" finished-at="2021-11-02T08:32:29 IST" duration-ms="72" status="PASS">
          <reporter-output>
          </reporter-output>
        </test-method> <!-- f4 -->
        <test-method signature="f5()[pri:0, instance:NewTest1@4b0d79fc]" started-at="2021-11-02T08:32:29 IST" name="f5" finished-at="2021-11-02T08:32:29 IST" duration-ms="68" status="PASS">
          <reporter-output>
          </reporter-output>
        </test-method> <!-- f5 -->
        <test-method signature="f6()[pri:0, instance:NewTest1@4b0d79fc]" started-at="2021-11-02T08:32:29 IST" name="f6" finished-at="2021-11-02T08:32:30 IST" duration-ms="978" status="PASS">
          <reporter-output>
          </reporter-output>
        </test-method> <!-- f6 -->
        <test-method signature="f7()[pri:0, instance:NewTest1@4b0d79fc]" started-at="2021-11-02T08:32:30 IST" name="f7" finished-at="2021-11-02T08:32:33 IST" duration-ms="3075" status="PASS">
          <reporter-output>
          </reporter-output>
        </test-method> <!-- f7 -->
        <test-method signature="m()[pri:0, instance:NewTest1@4b0d79fc]" started-at="2021-11-02T08:32:33 IST" name="m" finished-at="2021-11-02T08:32:47 IST" duration-ms="13508" status="PASS">
          <reporter-output>
          </reporter-output>
        </test-method> <!-- m -->
        <test-method is-config="true" signature="ms()[pri:0, instance:NewTest1@4b0d79fc]" started-at="2021-11-02T08:32:47 IST" name="ms" finished-at="2021-11-02T08:32:47 IST" duration-ms="116" status="PASS">
          <reporter-output>
          </reporter-output>
        </test-method> <!-- ms -->
      </class> <!-- NewTest1 -->
    </test> <!-- Default test -->
  </suite> <!-- Default suite -->
</testng-results>
